<?xml version="1.0" encoding="UTF-8"?>
<Site BuildName="(empty)"
	BuildStamp="20230824-1318-Experimental"
	Name="msPC"
	Generator="ctest-3.10.2"
	CompilerName="/usr/lib/ccache/g++"
	CompilerVersion="7.5.0"
	OSName="Linux"
	Hostname="msPC"
	OSRelease="5.4.0-150-generic"
	OSVersion="#167~18.04.1-Ubuntu SMP Wed May 24 00:51:42 UTC 2023"
	OSPlatform="x86_64"
	Is64Bits="1"
	VendorString="GenuineIntel"
	VendorID="Intel Corporation"
	FamilyID="6"
	ModelID="142"
	ProcessorCacheSize="6144"
	NumberOfLogicalCPU="8"
	NumberOfPhysicalCPU="4"
	TotalVirtualMemory="2047"
	TotalPhysicalMemory="7288"
	LogicalProcessorsPerPhysical="2"
	ProcessorClockFrequency="2402.95"
	>
	<Testing>
		<StartDateTime>Aug 24 17:01 +03</StartDateTime>
		<StartTestTime>1692885694</StartTestTime>
		<TestList/>
		<EndDateTime>Aug 24 17:01 +03</EndDateTime>
		<EndTestTime>1692885694</EndTestTime>
		<ElapsedMinutes>0</ElapsedMinutes>
	</Testing>
</Site>
